<?xml version="1.0" encoding="UTF-8"?>
<testng-results ignored="0" total="1" passed="1" failed="0" skipped="0">
  <reporter-output>
  </reporter-output>
  <suite started-at="2023-10-23T17:05:43 EET" name="Default suite" finished-at="2023-10-23T17:05:47 EET" duration-ms="3670">
    <groups>
    </groups>
    <test started-at="2023-10-23T17:05:43 EET" name="Default test" finished-at="2023-10-23T17:05:47 EET" duration-ms="3670">
      <class name="projeict2.projeict2">
        <test-method is-config="true" signature="mySetup()[pri:0, instance:projeict2.projeict2@b93aad]" started-at="2023-10-23T17:05:43 EET" name="mySetup" finished-at="2023-10-23T17:05:47 EET" duration-ms="3591" status="PASS">
          <reporter-output>
          </reporter-output>
        </test-method> <!-- mySetup -->
        <test-method signature="MyFirstTest()[pri:0, instance:projeict2.projeict2@b93aad]" started-at="2023-10-23T17:05:47 EET" name="MyFirstTest" finished-at="2023-10-23T17:05:47 EET" duration-ms="6" status="PASS">
          <reporter-output>
          </reporter-output>
        </test-method> <!-- MyFirstTest -->
        <test-method is-config="true" signature="myPostTesting()[pri:0, instance:projeict2.projeict2@b93aad]" started-at="2023-10-23T17:05:47 EET" name="myPostTesting" finished-at="2023-10-23T17:05:47 EET" duration-ms="0" status="PASS">
          <reporter-output>
          </reporter-output>
        </test-method> <!-- myPostTesting -->
      </class> <!-- projeict2.projeict2 -->
    </test> <!-- Default test -->
  </suite> <!-- Default suite -->
</testng-results>
